This is XeTeX, Version 3.14159265-2.6-0.99998 (TeX Live 2017/Debian) (preloaded format=xelatex 2019.1.26)  3 FEB 2019 15:11
entering extended mode
 restricted \write18 enabled.
 %&-line parsing enabled.
**/home/khalid/Desktop/calculusAndAnalyticGeometry/tex/myUrduCommandsCalculus.t
ex $

(/home/khalid/Desktop/calculusAndAnalyticGeometry/tex/myUrduCommandsCalculus.te
x
LaTeX2e <2017-04-15>
Babel <3.18> and hyphenation patterns for 84 language(s) loaded.

! LaTeX Error: \indexname undefined.

See the LaTeX manual or LaTeX Companion for explanation.
Type  H <return>  for immediate help.
 ...                                              
                                                  
l.79 \renewcommand{\indexname}
                              {فرہنگ}        %does nothing here. must b...

? 
! Emergency stop.
 ...                                              
                                                  
l.79 \renewcommand{\indexname}
                              {فرہنگ}        %does nothing here. must b...

Try typing  <return>  to proceed.
If that doesn't work, type  X <return>  to quit.

 
Here is how much of TeX's memory you used:
 57 strings out of 493007
 701 string characters out of 6136719
 61824 words of memory out of 5000000
 4126 multiletter control sequences out of 15000+600000
 3640 words of font info for 14 fonts, out of 8000000 for 9000
 1348 hyphenation exceptions out of 8191
 7i,0n,6p,233b,14s stack positions out of 5000i,500n,10000p,200000b,80000s
No pages of output.
