This is XeTeX, Version 3.14159265-2.6-0.99998 (TeX Live 2017/Debian) (preloaded format=xelatex 2019.3.27)  18 JUL 2019 09:55
entering extended mode
 restricted \write18 enabled.
 %&-line parsing enabled.
**/home/khalid/Desktop/calculusAndAnalyticGeometry/tex/questions.tex $
(/home/khalid/Desktop/calculusAndAnalyticGeometry/tex/questions.tex
LaTeX2e <2017-04-15>
Babel <3.18> and hyphenation patterns for 84 language(s) loaded.

! LaTeX Error: Missing \begin{document}.

See the LaTeX manual or LaTeX Companion for explanation.
Type  H <return>  for immediate help.
 ...                                              
                                                  
l.1 ح
      صہ{بدلتا تسلسل، مطلق اور مشروط ارتکاز}
? 
! Emergency stop.
 ...                                              
                                                  
l.1 ح
      صہ{بدلتا تسلسل، مطلق اور مشروط ارتکاز}
You're in trouble here.  Try typing  <return>  to proceed.
If that doesn't work, type  X <return>  to quit.

 
Here is how much of TeX's memory you used:
 6 strings out of 493007
 340 string characters out of 6136719
 61819 words of memory out of 5000000
 4075 multiletter control sequences out of 15000+600000
 3640 words of font info for 14 fonts, out of 8000000 for 9000
 1348 hyphenation exceptions out of 8191
 5i,0n,4p,110b,14s stack positions out of 5000i,500n,10000p,200000b,80000s
No pages of output.
